nettled 1
deeply 2
ere 4
folio 2
student 1
between 4
unconscious 1
business 24
abated 1
blotted 1
browbeaten 1
applying 2
connection 1
sometimes 6
desk:-then 1
filled 1
birds 1
woman 1
absurd 1
swift 1
humor 2
absent-mindedness 1
supposition 1
repeated 1
john 3
low 1
secular 1
inches 1
read 1
leave 3
many 3
compare 2
slightest 2
swept 1
added-``after 1
completely 1
prudence 1
jerking 2
subject 1
shared 1
join 1
seal 1
brick 2
bits 1
happiness 1
indifferently 1
nothing 27
touch 1
proprietor 1
forlorn 2
haunting 1
quickest 1
pipe 1
murmured 2
air 5
drive 1
yonder 2
allude 1
stationery 1
almost 3
expression 2
suffrage 1
placing 1
best 8
light 3
bring 1
troubles 1
faces 1
succor 1
vain:-i 1
myself 26
imprimis 1
copyists 2
known 4
its 9
responsible 2
eccentric 1
strangers 1
discontent 1
saving 1
vexing 1
evinces 1
self-possessed 2
clefts 1
indecorous 1
abide 1
young 5
show 1
rapidity 1
perplexity 3
proprieties 1
spy-glass 1
prefer 39
offended 1
eh 1
mood 3
disqualified 1
uncomfortable 1
turned 5
resembled 1
bound 1
ugly 1
hunter 1
seen 6
disdain 1
sky 1
precisely 1
denouncing 1
quit 9
unused 1
walls 1
regards 1
marshal 1
decision 1
unrelieved 1
blazing-but 1
suggestive 1
honest 1
odd 2
operates 1
vacancy 1
fire 1
new 7
matched-for 1
dollar 2
stated 2
application 2
angle 1
merchants 1
men 7
unnecessary 1
upbraided 1
title-deed 1
re-engage 1
tenanting 1
intimating 1
silver 1
side 4
cakes 2
asked 4
cannel 1
ask 2
amazing 1
decide 1
weren't 1
against 9
others 2
stood 6
delivered 1
winding 1
surprise 1
sorts 3
passivity 1
red 3
absolutely 2
sentence 1
police 2
unpleasant 2
reference 3
alive 1
finding 3
vague 2
hint 2
manifestations 1
noon 3
comparing 1
exempt 1
determination 1
top 1
pieces 2
magic 1
incidental 1
confidence 2
faltering 1
smell 1
nonchalance 1
share 1
absurdly 1
sad 3
ingenious 1
cruelty 1
bent 1
dun 1
love 2
wish 1
periods 1
mrs 2
fancy 1
inserted 2
made 13
dyspeptic 1
attentively 1
irresistible 1
leisure 4
conflicting 1
thin 1
remove 2
free 1
spent 1
strike 2
rebellion 1
passages 2
foe 1
temperate 1
basis 1
unindulged 1
seriously 3
implied 1
entertain 1
fact 8
thought 30
somewhere 1
connected 1
glazed 1
providence 1
ignominiously 2
offices 4
forgetful 1
unbounded 1
charmed 1
astor 2
divine 1
warm 2
firm 2
concluded 4
quietly 2
finally 2
positively 1
interior 1
it 164
thither 1
course 6
project 1
ajar 1
cane 1
moreover 4
egyptian 1
hands 5
noiselessly 1
filed 1
times 5
labor 1
byron 1
breathe 1
night 5
inasmuch 3
heads 1
justices 1
constant 2
potations 1
admitting 1
rings 1
privacy 3
boxing 1
side-window 1
residing 1
chances 1
chambers 14
acquainted 2
answer 15
deep 2
tyrannized 1
original 7
intervals 2
pleased 1
blessed 1
sentry 1
teeth 2
scrubbed 1
understand 1
moved 2
betokened 1
definite 1
fear 1
hundred 2
emerge 1
yard 2
suffered 2
mischief 2
bad 2
saying-``with 1
revery 2
enlist 1
supply 1
sir 23
hindrance 1
spark 1
meditate 1
seats 1
advise 1
flamed 1
surely 5
sweet 2
say-i 1
look 5
ago 2
money 4
indifference 1
people 2
windows 2
files 1
victim 2
misfortune 1
consequent 1
admonitions 1
aside 2
scandalizing 1
finger 2
what 55
inscrutable 1
civility 1
unreservedly 1
gave 2
instinctively 1
towel 1
lie 1
yet 19
provide 1
week 3
cicero 2
spread 1
touchingly 1
mere 4
twinges 1
things 6
pain 2
quadruplicates 1
story 1
present 13
exasperating 1
neat 2
naked 1
thus!''-and 1
whom 8
contents 1
opening 2
line 2
recital 1
invocation 1
round 11
exercise 1
continued 2
writer 1
lustrous 2
thinker 1
standing 10
non-success 1
whatever 3
recondite 1
now-not 1
arms 3
orbicular 1
mechanical 1
near 1
thing 24
arranged 2
inconvenience 1
sat 10
work 4
bandanna 1
engaged 3
dismissed 2
acquaintance 2
my 196
indignant 1
prime 1
employees 1
grinning 1
exclaiming 1
directed 1
tongue 2
jail 2
pleasantly 1
black 3
running 1
far 6
compressing 1
you-and 1
calamities 1
heart 4
write 3
rebelled 1
quietness 1
stifled 1
properly 2
called 10
where 8
perturbed 1
seem 5
have 50
opened 5
losing 1
warmth 1
dilemma 2
minds 1
how's 1
rousing 1
beer-nippers 1
complete 2
inadvertence 1
vagrant 5
self-indulgent 1
assert 1
unknown 1
narrowly 1
annually 1
satisfactory 2
decorous 1
me,-this 1
duty 5
colt 3
exciting 1
hunted 1
agitation 1
copying 9
essayed 1
adapted 1
slid 3
proceed 2
hatred's 1
preacher 1
handful 1
keenly 1
fro 1
same 10
lay 2
vastly 1
quart 1
tenants 3
who 23
ever 8
recesses 1
chamber 1
probability 1
constitution 2
glow 1
some 42
would 96
touching 6
soft 1
understanding 1
monroe 2
jealousy's 1
chose 2
deficient 2
bystanders 1
determined 1
natural 3
christmas 1
wold 1
ill-tempered 1
sheer 1
sir-hope 1
strove 2
extinct 1
errands 1
prevailed 1
mainly 1
undiminished 1
dipping 1
ground 5
waiting 3
entertained 1
basin 1
sun-light 1
priestley 1
dinner-hour 1
faintest 1
repulsion 1
relative 1
spiritual 1
eccentricities 6
pens 1
conduct 4
verify 1
revolving 3
till 4
ragged 1
mildly 4
morsel 2
evident 1
wearisome 1
suffering 2
point-blank 1
abridge 1
lo 2
unprecedented 1
whether 7
this,-he 1
adequately 1
breeding 1
contentedly 1
gallantly 1
mortal 1
suddenly 2
recently 2
done?-a 1
wholesome 1
conversation,-how 1
emphasizing 1
severer 1
mild 3
departed 1
wasted 1
alleged 1
avail 1
remainder 1
whole 5
example 1
dome 1
surroundings 1
eye 1
restless 1
bold 1
space 1
information 1
close 4
hold 1
avocations 2
told 2
declare 1
early 1
had 88
pointing 2
repulsed 1
eventually 1
exquisite 1
obtruded 1
more 31
friendlessness 1
solitary 3
oratorically 1
furthermore 1
disgraceful 1
further 10
mention 2
should 20
ghost 2
elicit 1
eleven 1
advanced 3
saw 12
hairs 2
compassionated 1
shaft 1
sons 1
refectory 1
jerk 1
submission 7
p.m 1
reveries 3
fondness 1
efforts 1
incidentally 1
appeal 1
superstitious 1
relieve 1
visited 3
poverty 1
by 66
superior 1
carts 1
halls 1
palely 1
specimen 1
let 7
impotent 1
history 4
precious 1
populous-a 1
was 195
morbid 1
interval 2
nevertheless 5
grave 1
inquiring 1
good-natured 1
gay 1
meant 1
corner 4
deal 1
exhibited 1
involuntary 1
began 4
purveyor 1
fancyings-chimeras 1
first 13
coat 8
perceptions 1
repeat 2
yours 1
became 5
rested 1
title-deeds 1
interrupted 1
incessant 1
lateral 1
ear 1
spine 1
stagger 1
hungers 1
prompt 1
tombs 5
noise 1
o'clock 9
lips 1
perverseness-such 1
deemed 3
disinterested 1
wherever 1
appointed 1
me-``i'd 1
solved 1
charitably 1
receiving 3
church-going 1
abode 2
echoes 1
profoundly 1
millstone 1
comfort 1
immediately 5
solitude 2
now-pallidly 1
preferences 2
assumptions 2
change 5
box 1
pursy 1
consideration 3
unwholesome 1
thunderstruck 1
pernicious 1
contracted 1
green 1
sinister 1
glad 1
thrusting 2
reputation 1
crossed 1
drawing 3
established 1
affairs 3
joy 1
mob 1
anticipations 1
ascertain 1
wiser 1
persuasion 1
hope 2
crimpy 1
causing 1
willingly 1
customs 1
enthusiasm 1
closely 2
grounds-cool 1
sundry 1
truly 1
all 67
tore 1
weight 1
indigestion 3
lead 1
something 19
knuckles 1
advent 1
clear 1
proportion 1
intelligence 1
cause 1
rate 4
whim 1
most 9
incipient 1
how 14
unwarrantable 1
souls 1
fronting 1
eating 1
always 6
are 34
sake 8
debating 1
bless 1
earlier 1
born 1
life 10
you'll 1
figure 1
four 5
repeating 1
mortified 1
caught 1
pallid 3
broad 1
country 1
shells 1
i'll 2
owe 2
lived 1
defray 1
privileges 1
moods 1
summons 1
rallying 1
genteel-like 1
bald 1
faint 1
usage 3
mississippi 1
purpose 7
ambition 2
urgings 1
every 14
thumb 1
glory 1
taking 3
unalterable 1
home 8
intolerable 2
florid 1
carefully 1
tell 6
cheaply 1
luny 1
enough 1
stooping 1
knotted 1
demented 1
glowing 1
come 7
altogether 4
see 14
using 2
services 5
informed 3
still 8
displayed 1
grim 1
confidential 1
retribution 1
easiest 1
just 9
turns 1
poor 9
attenuated 1
sense 3
fixed 2
us 3
custom 1
impatience 3
enlists 1
qualifications 1
whereas 2
go 11
apartment 1
herself 1
miserably 1
parting 1
relieved 1
sailing 1
obstreperous 1
edwards 2
copyist 4
why 7
irritability 2
meaning 3
persisting 1
approved 1
divided 1
penniless 1
visage 1
aware 3
deranged 3
infirmities 1
dismantled 1
dangerous 1
accessible 1
brief 2
admission 1
europe 1
dry-goods 1
that's 3
yes 8
behold 2
incautious 1
increased 2
gobble 1
stinging 1
bids 1
last 20
sarvant 2
energetic 3
personage 1
encounter 1
ace 1
anger 1
flying 1
winter 1
turnkey 3
loneliness 1
me-no 1
unobstructed 1
steal 1
body 4
mysteries 1
folded 3
delay 2
con 1
sheet 2
blunders 1
went 16
uncharitable 1
unemployed 2
invariably 1
determining 1
observable 1
pale 10
length 2
wonder 1
too 15
footfall 1
but 121
dissipation 1
gentle 1
respect 2
ward-politician 1
meanwhile 1
god 1
operate 1
man-here 1
about 23
diabolical 1
employed 2
sallow 1
become 2
forgers 2
tranquillity 3
considered 4
service 1
general 2
necessity 2
dressed 2
tragedy 1
dead 5
weak 1
grin 1
bachelor's 1
glass 1
nightfall 1
organization 1
bundle 1
philanthropy 1
sources 1
fellow 4
appear 3
also 3
remedying 1
conjoined 1
mechanically 1
says 2
feet 4
deserted 2
agent 1
worked 2
stipulations 1
screen 19
growing 1
spectator 1
examined 2
difficult 1
need 2
mature 1
villain 1
spilled 1
principle-a 1
swan-like 1
sing-sing 1
masonry 1
shirt-button 1
buildings 3
vile 1
fumes 1
devotions 1
without 17
disarmed 2
folding 1
constable 1
habit 1
ginger 14
under 14
hissing 1
surrendering 1
skylight 1
make 8
largely 1
interest 1
grub-man 6
denying 1
throughout 1
contemplating 1
interview 2
atlantic 1
dismission 1
visitors 1
tattered 1
bartleby 118
street 3
panes 2
consternation 2
profound 1
grub-man's 1
excessive 1
clients 2
method 1
mirror 1
drove 1
obstreperousness 1
decently 1
incentives 1
retreat 3
leaning 1
ruined 1
aching 1
err 1
facts 1
coffee 1
unfortunate 2
unprovided 1
taken 4
addressing 3
neck 1
kept 7
nay-if 1
cannot 8
flat 1
impress 1
condolence 1
unambitious 1
herman 1
divulge 1
plume 1
candle-light 1
employer 1
pocket-and-and 1
fears 2
dispatch 1
attic 1
forlornest 1
father 1
aggravates 1
looked 6
white 3
augmented 1
gainsay 1
compliance 3
restive 1
brain-led 1
case 4
trinity 2
comply 2
mortgages 1
took 2
sincerest 1
disorder 1
sprung 1
moistening 1
sensitive 1
be 83
unheard-of 1
blanket-like 1
incensed 2
won't 3
displeased 1
letting 1
despondency 1
got 3
indubitably 1
fiery 2
better 5
wall-street 3
incubus 1
prosperity 1
sore 2
mercy's 1
blot 2
fair 1
intends 1
pleasure 1
indicated 1
longed 1
procession 1
concerning 6
yourself 4
stubborn 2
errand 2
fellow-feeling 1
comfortable 1
count 1
tried 2
grand 2
block 2
pushed 1
fearful 2
answered 5
doesn't 2
revealing 1
trembling 1
invention 1
paper-weight 1
add 1
keys 1
pantaloons 1
misery 3
fathom 1
thieves 1
peculiarities 1
nervousness 2
lean 3
momentary 1
buttoning 2
worried 1
enjoy 1
hissed 1
brandy-like 1
interment 1
broadway 4
billeted 1
concerned 1
meridian-his 1
charity's 1
ever,-but 1
glimpse 1
drawer 1
hurried 4
permanent 1
hire 1
beautiful 1
fetch 1
prior 2
remarks 2
functionary 1
pondered 1
depart-as 1
steaming 1
repulse 1
leaving 2
trespasser 1
highly 1
ascertainable 1
scrivener's 4
law-copyists 2
opportunity 2
assumption 4
reach 1
new-york 1
added 8
odds 1
few 14
before 13
getting 3
occurred 4
kindest 1
composed 1
grind 1
gentler 1
beggarly 1
irritable 2
promising 1
turbulence 1
then,-strange 1
testiness 1
across 2
procure 2
can 13
no 57
pronouncing 1
residence 1
arm 3
afternoon 15
friend 6
wreck 1
stalls 1
circulation 1
men's 1
moment 9
middle 2
deplore 1
regularity 1
mortgage 1
occupied 4
chancery 3
me-gesticulating 1
study 1
listen 1
honesty 2
flavoring 1
gentleman's 1
invade 1
exemptions 1
pardon 1
die 1
ten 1
justified 2
procured 1
readily 2
persists 1
maledictions 2
coaxing 1
half-past 1
unsolicited 1
pressing 1
quest 1
dark 1
faith 1
summer 3
carry 2
saturday 1
plainly 1
mule 1
tempting 1
suppose 3
landscape 1
miserable 2
persons 4
inside 1
ordinarily 1
floor 6
slight 1
officer 1
take 11
melancholy 5
off 5
detained 1
perverse 1
back-yards 1
eh!-he's 1
beckoned 1
consider 5
wonderful 3
unawares 1
coals 1
blacking 1
require 1
unmanned 2
panel 1
business-that 1
reasons 1
eternal 1
retorts 1
hopelessness 2
compatriot 1
respectfully 2
surprised 1
higher 1
suggesting 1
roared 2
huddled 1
tie 1
unreasonableness 1
done-i 1
room 16
failure 1
handled 1
might 24
these 21
reckless 2
especially 4
deportment 1
bench 1
buttoned 2
carried 1
turf 1
adopt 1
view 6
silence 1
painters 1
column 2
occasionally 2
hat 4
ambiguous-looking 1
reverential 1
nervous 4
reasonable 3
laid 1
removal 1
perceived 3
fullest 1
circumstance 1
square 1
mind 10
grinding 1
immovable 2
long-continued 1
selfishness 2
trying 1
assorting 1
inkstand 2
vaguely 1
prompted 1
produce 2
hot 2
possible-he 1
overlook 1
request-a 1
budge 2
unwonted 1
himself 14
remains 1
want 5
wilfulness 1
an 48
clerk 4
profession 2
indignation 1
suitable 2
beauty 1
your 27
indeed 15
strive 1
individual 3
fast 1
oily 1
interested 1
abstaining 1
plate 1
induced 2
quiet 4
persuaded 2
has 14
glance 1
utterly 1
crumbs 1
wildly 1
resisting 1
must 28
handling 1
post 2
live 3
suit 4
remonstrated 1
object 1
cost 1
agreeably 1
relentless 1
pure 1
avoid 1
tone 9
i'd 2
brought 3
bow 1
awed 1
surmise 1
whisper 1
know 11
lose 3
keep 3
unmoving 1
sell 1
critical 1
irresistibly 1
seat 2
accord 1
doubtless 5
thirty-two 1
happened 1
dictate 1
impertinence 1
along 1
knocked 1
window 7
gazing 1
masterly 2
merge 1
effect 6
ginger-cake 1
ink 1
makes 1
oblivious 1
passed 6
vintner 1
taxes 1
could 31
violent 2
aspect 3
turkey's 6
sound 4
letters 5
patience 1
beyond 1
apprehension 1
now 39
advertisement 1
sweeping 1
there 43
prompting 1
wrote 3
built 1
rather 13
suspicion 1
holding 2
smallest 1
occasioned 1
lurking 1
future 2
or 44
unsurmised 1
rounded 1
apt 3
copied 3
inflexible 1
remunerative 1
traps 1
bullying 1
mankind 1
provocation 1
remarkable 1
mail 1
form 2
fortunate 1
sulky 1
health 2
awakening 1
burned 2
wane-till 1
list 2
loiter 1
sorry 5
slip 1
quietest 1
admit 1
vouchsafed 2
time-try 1
otherwise 5
state 4
dubious 1
dollars 1
dutch 1
knocking 1
aberration 1
with 111
misunderstood 1
ruins 1
vagary 1
slipping 2
beer 2
introducing 1
sixty 1
mulish 1
conscience 3
gradually 1
shillings 1
bound-indeed 1
balanced 1
rolled 2
presentiments 1
spicy-after 1
intended 2
marius 1
lawyers 2
sideways 1
profoundest 1
five 2
vice 1
ways 5
retired 2
dreadfully 1
amiss 1
master's 1
cheerfully 1
nice 1
good-bye 3
propose 1
at 116
names 2
attracted 1
collecting 1
discharged 1
somehow 3
travel 1
instant 3
nippers-``i'd 1
law-chambers 1
dusty 1
swiftest 1
overheard 2
warned 1
seated 1
away 13
store 1
mr 3
speak 7
reproach 1
easy 2
receive 1
this;-i 1
deceived 2
constructing 1
since 3
sharp 1
hides 1
reclining 1
arguing 1
em-can't 1
useless 1
having 7
flute-like 1
cell 1
penny-the 1
culminate 1
motion 2
wears 1
least 8
give 11
expressive 1
dime 1
do 50
uncarpeted 2
forming 1
parts 2
clearly 1
remember 1
appears 1
unjust 1
torrent 1
resort 1
touched 5
coal 1
departing 1
temperaments 1
declared 1
all-wise 1
dreadful 1
blanket 1
saving's 1
reserving 1
moments 1
office 38
long 5
rejoined 1
fourth 2
coats 3
vegetables 1
holes 1
uncaring 1
home-thrust 1
notice 1
sick 1
forbade 1
grew 3
son 1
desperation 1
motive 1
breakfast 1
believe 4
shivering 1
washington 1
constituents 1
dimly 1
befriend 1
gritted 1
eyesight 1
newspaper 2
conducted 1
forlornness 1
sleeping 2
inclosed 1
groped 1
successful 1
construe 1
premises 9
regard 2
advancing 2
day 22
came 12
rich 1
society 1
grimy 1
none 3
literature 1
permits 1
probabilities 1
time 26
unconditionally 1
done-though 1
enhance 1
begins 3
indulged 1
invariable 1
deferentially 2
being 23
returned 5
apparition 2
genius 1
interesting 2
declined 3
appreciate 1
entered 5
knowledge 1
unable 1
minutes 2
sufficiently 2
company 1
nippers's 2
locked 3
he 218
pigeon 1
unseemly 1
assist 5
narrative 1
sighed 1
freely 2
vain 1
proceeds 1
described 1
voice 4
acquiesced 2
direction 3
fail 1
grass-seed 1
arduous 1
professionally 1
aught 1
occasion 3
wordiness 1
delicate 1
felt 8
astoria 1
success 3
haggard 1
rising 1
testimony 1
dreamy 1
heard 4
gradual 1
reseated 1
towards 16
possessor 1
words 7
astonishment 1
removed 6
fine 1
around 1
everlasting 1
seeking 1
humanizing 1
pretending 1
savings 1
disappeared 2
frighten 1
necklace 1
noiseless 1
received 4
stirred 1
removing 1
outright 1
difficulty 1
recalling 1
replied 10
pen 2
cling 1
spitzenbergs 1
drawn 1
tremor 2
ungrateful 1
person 10
activity 1
unanswerable 1
quarters 2
trim 1
benefit 3
pride's 1
conviction 1
water 1
murder 2
there?-copying 1
striding 1
enter 1
behind 18
excitement 3
thrust 5
proceeded 1
mastered 1
lofty 2
acting 1
hour 1
possession 1
pence 1
whence 1
supposed 1
three 5
wight?-my 1
employment 1
strictly 1
effectually 1
sure 6
act-an 1
demonstrations 1
eternity 1
corps 1
lines 1
shoulder 3
either 2
emptiness 1
support 2
socially 1
indulgence 1
after 20
each 4
bullion 1
refrain 1
trivial 2
draws 1
murderers 1
place 14
habits 1
description 1
mission 1
name 4
age 2
candidate 1
right 6
morning 24
talk 1
alms-house 1
there;-first 1
beings 2
sagacious 1
refer 1
city 2
generally 3
tacit 1
died 5
usual 5
persist 1
started 1
moving 1
advance 1
violate 1
knees 1
obtain 1
sort 14
twelve 9
learned 1
cutlets 3
suburbs 1
fitted 1
profits 1
answerable 1
silent 3
except 3
carman 1
leaned 1
mat 2
adams 2
whiskered 1
cake-small 1
enact 1
exposed 1
rumor 2
angry 1
door-since 1
bidding 1
administration 1
somewhat 2
presence 1
sadly 2
order 2
desired 2
jumping 1
instead 1
approaching 1
indulgent 2
years 3
chief 1
affair 2
earthly 2
withal 1
bonds 1
shall 13
such 27
upwards 1
written 2
no.-wall-street 3
gesture 1
scene 1
lurk 1
gratification 1
express 1
aloof 1
deem 2
possibly 4
noted 1
awhile 2
knew 6
inclosure 1
canal-street 1
summary 2
well-better 1
past 1
various 2
poet 1
assume 4
involuntarily 2
digestion 1
hermitage 7
perpetual 2
terminated 1
life-lease 1
seemed 16
attempt 2
elderly 2
vanity 3
endeavor 2
previously 1
replies 1
casting 1
safeguard 1
half 2
chairs 1
compassionate 1
party 1
banister 2
combativeness 1
remembered 7
echoed 1
motionlessness 1
shirt 2
less 5
remained 9
blots 3
smoothly 1
alms 1
moon-struck 1
particles 1
observations 1
boiler 1
despairing 2
disposition 2
use 2
shade 1
ricketty 1
anxiously 1
cake 1
audibly 1
prospectively 1
accosted 1
period 6
hue 1
six 4
intent 2
brooding 1
depart 4
them 23
usually 1
assign 1
astonished 1
chafing 1
matter 7
circle 1
columns 1
discovered 1
probably 2
those 13
mending 2
duties 1
rooms 3
self-interest 1
tin 1
highly-respectable 1
pityingly 1
imprudently 1
anger's 1
perplexing 1
coupling 1
objection 1
dusted 1
ruler 2
bond 1
fraternal 1
louder 1
lethargic 1
run 1
and 376
penetrating 1
tended 1
truth 4
driving 1
evinced 1
hard 2
doff 1
propriety 1
credited 1
page 1
another 8
contrast 1
temporarily 1
examination 2
permitted 2
sight 3
wore 1
contrasted 1
innate 1
veering 1
room-that 1
limb 1
here 23
church 2
erections 1
dragged 1
occupy 1
stop 1
rockaway 2
lowered 1
not 151
walking 1
stopped 1
noticed 2
pocket 2
stones 1
landlord's 1
homeward 1
re-entered 1
ye 1
ran 4
lying 1
awaken 1
of 359
imperative 1
passions 1
withheld 1
fairly 1
huge 2
sorts-was 1
any 47
rose 2
speedily 1
immobility 1
knee 2
scorned 1
much 11
sadness 1
forbidding 1
impaired 1
hurrying 1
reeling 1
argue 1
contain 1
charity:-he 1
gratify 1
mortal,-you 1
fate 1
sentimental 1
unaffectedly 1
affections 1
munched 1
industrious 1
content 1
get 6
surrounding 2
irreversible 1
divers 1
may 11
found 7
understood 1
commands 1
averse 1
oats 2
led 4
condition 1
then,-good 1
common 12
surmised 1
indefinite 1
undertake 1
vulgar 1
presently 1
living 1
probable 1
fain 2
wrinkle 1
briefly 2
tame 2
belong 1
persecute 1
drown 1
serious 1
post-office 2
array 1
bitterly 1
willing 2
conversation 1
once 6
full 6
severe 3
imagination 3
grappled 1
thoroughfares 1
pray 2
versa 1
 1
confess 1
wanted 4
urged 3
clothes 1
courtesy 1
wondrous 1
hired 2
books 1
uproar 1
generous 2
comparatively 1
thinking 3
when 36
lid 1
proves 1
simply 5
together 4
hectoring 1
prefers 3
acuteness 1
hall 2
shiver 1
sunday 6
petra 1
science 1
dined 1
retrospectively 1
reasoned 1
reached 1
snatch 1
nervously 1
handkerchief 1
dining 2
diseased 1
a--premature 1
gentleman 3
i-``that's 1
gray 3
outlive 1
however 7
jacob 3
which 45
report 3
nut 11
placed 2
statement 2
superfluous 1
desire 1
narrow 1
steps 1
voluntary 1
election 1
persisted 1
man 36
feel 5
fell 2
door 13
quiescent 1
cases 1
thickness 1
again 14
sole 1
personal 1
move 2
extended 1
authority 1
practice-there 1
counsellors 1
push 1
tis 1
start 1
twitching 1
dwelling-and 1
apple 2
dispatching 1
group 2
sixpences 1
loftier 1
ring:-the 1
resolving 1
blazed 1
cloudless 1
luckily 1
speaking 2
subordinate 1
deference 1
industry 2
suddenness 1
inherent 1
innocent 2
uneasiness 3
native 1
blankly 1
worse 1
omnibus 1
old 11
suffice-in 1
tidings 2
rapid 1
convenient 2
office-boy 1
unreasonable 1
seek 3
carelessly 1
isolate 1
permitting 1
hear 3
nuts 1
prison 2
impulse 1
moisten 1
resisted 3
bill 2
high 5
roguishly 1
head 6
mental 1
pity 6
manner 7
hence 2
excuse 1
fumbling 1
law 5
preferred 2
tempted 2
blind 1
dinner 8
call 7
clearest 1
curious 1
slunk 1
from 64
turkey 38
steadiness 1
can't 1
happy 1
wise 2
pause 2
tranquilly 3
sand-box 1
poetic 1
paused 2
mollified 1
adequate 1
tape 1
previous 3
recklessness 1
clapping 1
flurried 2
verily 1
then-you 1
his 219
lengthy 2
complained 2
actual 1
fists 1
foremost 1
loose 1
claim 1
and-preferred 1
inadvertently 1
legitimate 1
stillness 2
required 2
office-room 1
nuisance 1
said 58
intruded 1
needless 2
say 17
charitable 1
banisters 1
third 5
crunching 1
universe 1
conclusion 2
violently 2
lawyer's 2
choleric 1
ones 1
reading 1
attention 1
forth 3
fare 2
reproachful 1
second 5
emerging 1
i 519
intimated 1
him 139
putting 2
constables 1
recovered 1
cart-load 1
treated 1
rashnesses 1
brush 1
seedy 1
absent 1
our 3
tea 1
resolves 1
tongues 1
only 16
thirty 1
peculiar 6
annoyances 1
methodically 1
demands 1
singularly 2
wanderer 1
dry 1
procedure 5
predestinated 2
mean 5
friendly 1
endeavored 1
were 30
enabling 1
events 3
continual 1
threshold 2
justice 2
prove 6
excited 4
flight 1
approached 2
feeling 3
quick 1
reappear 1
apprentice 1
sport 1
ensued 1
going 9
jingling 1
mine 4
principle 1
rudely 1
dared 1
height 2
foot 1
attitude 1
tribulation 1
greatly 2
eat 1
little 19
great 14
obeying 1
famishing 1
waive 1
usages 1
insisted 2
does 8
ah 2
thereupon 1
rest 2
effrontery 1
hums 1
meagre 1
applause 1
associations-an 1
charged 1
though 16
among 9
peered 1
friction 1
vehement 1
grass 1
toward 1
regarded 1
pages 1
deploy 1
piratical-looking 1
benevolently 1
undeniable 1
indispensable 3
listening 1
lodgings 1
occupation 1
frame 2
break 1
procuring 1
discoveries 1
domestic 1
contact 2
crisp 1
wrong 1
visible 1
landlord 4
papers 15
charm 1
distinctly 1
blocks 1
illiberal 1
proof 1
passive 2
crossing 1
pasteboard 1
trouble 2
fall 1
hovered 1
moodiness 1
apron 2
sour 1
so 54
pugilistic 1
effectual 1
mid 1
mysterious 1
disposed 1
don't 1
me 141
additional 2
organic 1
smile 1
spoken 1
labors 1
failings 1
silly 1
within-``not 1
quantity 1
imagined 2
rapidly 1
rent 1
creature 4
is 74
documents 6
there''-and 1
sounds 1
takes 1
disconcerted 1
reconciled 1
spoke 2
expenses 1
considerably 2
saturdays 1
reason 6
delicious 1
cleaner 1
occasional 2
laws 1
weep 1
turning 6
saying 5
wished 2
perhaps 5
lives 2
days 13
me-one 1
conceivable 1
looking 7
elsewhere 1
vanished 1
heavy 1
pyramids 1
document 3
corridor 1
tranquil 1
revealed 1
anthracite 1
entreat 1
well 10
handy 1
unofficially 1
stating 1
laying 1
both 3
back 4
magical 1
nature 4
careful 1
conferred 2
immoral 1
page-is 1
diligence 1
self-approval 1
unheard 1
faculties 2
frequently 2
blotting 1
thoroughly 1
meat-like 1
prisoners 1
occasions 2
plainest 1
given 4
ordinary 1
nippers 31
while 14
measures 1
fixture 2
thereof 1
aint 2
directly 1
that 194
alacrity 1
appearance 3
please 2
fit 2
ears 1
leanly 1
instantly 2
begin 1
apprised 1
perverseness 1
copy 7
staggered 1
judgment 2
entrance 2
6 1
considerations 2
steep 1
brandy 1
threat 1
bright 1
reply 10
refusal 1
request 3
cistern 1
humanity 1
rashness 1
rise 2
wide 1
this 70
item 2
bust 2
decease 1
thoughts 2
feared 1
heat 2
through 9
austere 1
they 17
appeared 5
thankful 1
evil 2
often 5
freedom 1
step 4
precise 1
as 101
kind 2
dependent 1
expiration 1
pained 2
necessary 1
quite 9
sudden 4
record 1
contained 1
amid 1
ascendancy 1
aid 1
impatiently 2
set 3
directory 1
hurry 2
falling 1
safe 2
nut-shell 1
lad 2
late 5
corridors 1
observed 2
slow 1
than 17
helpless 1
dispatched 1
bank-note 1
seldom 4
calling 6
steadiest 1
subsequent 2
kindly 1
small 7
folding-door 1
will 46
haughtiness 1
character 2
means 4
particular 5
ascendency 1
disturbed 1
dishonor 1
bar-tender's 1
to 432
formerly 1
experienced 1
because 5
followed 1
did 22
altercation 1
thwarting 1
then 46
flown 1
sun 1
eagerness 1
comes 1
exclaimed 4
carrying 1
paramount 1
capacities 1
counted 1
salutary 1
jostle 1
wrongs 1
heeding 1
been 25
one 51
behalf 1
fellows 1
racket 1
peering 1
round,-``and 1
bank 1
bottom 1
changed 1
brilliant 1
beneficially 1
doubts,-i 1
restored 1
downy 1
offered 3
mobbed 1
according 3
try 1
salutation 1
extraordinary 3
accidentally 1
exasperated 2
hurriedly 1
presented 2
weekly 1
part 6
dim 2
idea 4
folding-doors 4
entry 3
near-sighted 1
ill 2
afternoons 1
deeper 1
seeing 2
hoboken 1
overturn 1
other 24
opinion 2
transformed 1
gentleness 1
gloom 3
densely-populated 1
revolved 1
besides 3
absence 1
obtained 1
improve 1
think 20
threatened 1
slits 1
scrape 2
possible 4
town 2
wherein 1
keeping 2
knowing 2
withdraw 2
coincidences 1
acknowledge 2
strangest 1
thereabouts 1
feelings 1
account 5
trifling 1
considerable 3
husky 1
heaped 1
portly 1
strangely 6
honorable 1
ambitious 1
hath 1
pallor 1
gaining 1
crowding 1
split 1
embrace 1
birth 1
asleep 1
rippled 1
fugitive 1
credit 2
wall 9
dismiss 1
inward 1
held 2
ought 3
true 2
pacified 1
good 10
recognized 1
mouths 1
mixed 1
spasmodic 1
struck 1
bribes 1
collared 1
abruptly 1
haunt 1
blazonry 1
roaring 1
clerkship 3
quadruplicate 1
ponderings 1
ale 1
private 4
englishman 2
conceive 1
face 9
reasonable:-say 1
sweeper 1
doors 3
charity 2
incontinently 1
soap 2
lessen 1
public 2
accent 1
mildness 1
incurably 1
cents 1
kick 1
motionless 2
triumph 1
march 1
serenely 1
already 3
cushioned 1
inflamed 2
thus 3
terms 1
civilest 1
degree 2
upper 1
sit 3
doctrine 1
youth 2
yourn 1
spacious 1
watching 1
unaccountable 2
silks 1
disagree 1
reading-no 1
terrible 3
effects 2
never 24
over 19
if 44
eight 1
calm 4
unalterableness 1
melville 1
refuses 4
quick-witted 1
occupancy 1
blue 1
theory 1
key 7
like 24
bed 1
overpowering 1
word 16
noble 1
escape 1
furnish 1
true,-but 1
countenance 3
plaster-of-paris 1
curiosity 4
confinement 3
paper 7
scores 1
hapless 1
reinforcement 1
caused 1
their 11
put 7
permit 1
usurpation 1
seize 2
forget 1
obscurely 1
impossible 1
irritated 1
nigh 2
abate 1
wander 1
afterwards 1
down 12
imagine 2
eats 4
certainly 3
wisest 1
appearance;-this 1
radiant 1
week's 1
familiarly 1
fits 1
reaching 1
sofa 1
base 1
lock 3
respectable 1
penetrate 1
gentlemen 4
grate 2
gala 1
eating-houses 1
unaccountably 1
padded 1
lawyer 5
numerous 1
property 1
writing 7
blandest 2
squeamishness 1
harsh 1
ate 1
afforded 1
telling 1
longer 4
saved 1
pursuit 1
sequel 1
accordingly 3
execable 1
alarmed 1
cheese 1
passion 4
drawer-up 1
slightly 2
indulge 1
easing 1
soul 6
acquisition 1
kings 1
improved 1
sleeves 2
powers-ambition 1
cried 5
to-in 1
trembled 1
singular 4
fatal 1
decided 5
perceive 2
privately 1
goaded 1
retire 1
fervid 1
earnest 2
questions 1
examine 10
exactly 2
walk 6
during 3
human 4
end 5
blending 1
way 11
chips 1
drew 1
wisely 1
withdrawn 1
master 2
paid 1
flighty 2
silently 5
important 2
cause-indigestion-the 1
permanently 2
commandment 1
stand 3
mute 1
dinners 1
necessities 1
settle 2
motioned 1
forebodings 1
demeanor 1
companion 1
carthage 1
blandly 1
postpone 1
pitiably 1
wafers-indeed 1
slowly 4
recovering 1
refuse 3
invisible 1
departure 2
shield 1
prudent 3
speed 1
accomplishing 1
afford 1
entirely 8
hour-it 1
throw 2
stooped 2
bitter 1
weeks 1
starve 2
apartments 2
dead-wall 4
entering 2
confined 1
ado 1
loss 1
passing 2
rushed 1
slept 2
high-tempered 1
outrages 1
straight 2
next 13
yards 3
named 2
insolence 1
bartleby's 7
former 1
favor 1
expectancy 1
dine 2
salt 1
legal 4
to-day 4
bills 2
perfectly 4
opposition 1
c 1
drank 1
return 1
serene 1
moulders 1
mayoralty 1
nay 4
eminently 2
world 3
act 2
hardly 4
horse 1
pallid-how 1
stranger 2
question 3
transferred 1
irreparable 1
intolerably 1
examining 3
oh 3
dishabille 1
convenience 1
openly 1
spectators 1
doing 6
windsor 1
afflictive 1
soon 5
certain 15
adam 2
severely 1
dodging 1
employments 1
owing 4
to-morrow 1
resolved 6
mason 1
me-he 1
paroxysms 1
stride 1
behavior 1
single 1
pillar 1
unless 1
couched 1
jury 1
help 8
up 29
coloring 1
harmless 3
bound-to-to-to 1
tingling 1
enlisted 1
relation 1
unexampled 1
withstand 1
temple 1
bravado 1
vision 1
rash 3
idle 3
age-even 1
decline 2
jersey 1
left 10
latter 1
histories 1
learn 1
summoning 1
week-days 1
asking 2
proceeding 4
nicknames 1
death 1
sparkling 1
remain 5
within 8
assured 2
several 3
temper 3
courts 2
going-good-bye 1
celebrated 1
professional 4
prone 1
attorney 2
wholly 3
chin 1
unto 2
knob 1
go?-done 1
ruminating 1
eyes 10
stay 6
pro 1
plan 2
hinted 1
upon 66
copies 4
summon 1
peeped 2
unusually 1
whereabouts 1
out 27
inferior 1
leaves 1
evening 1
you 125
two 14
addressed 1
ready 2
letter 3
twenty 4
long-lived 1
chiefly 2
exist 1
dismissing 2
crowded 1
incurable 1
dispassionate 1
complicated 1
emotions 2
committed 3
seized 1
meridian 3
pleasant 1
lightning 1
client 1
mettlesome 1
bit 3
written:-i 1
visits 2
income 1
stare 2
scriveners 6
unwilling 1
handed 1
characters 1
consumption 1
empty 2
originally 1
yesterday 1
begged 1
commended 1
he's 3
ginger-nuts 6
night's 1
yes-queer 1
fully 2
plain 5
into 27
boy 2
nudity 1
inform 1
threw 5
promise 1
consist 1
dropped 5
desk 13
cold 2
entreated 1
accomplish 1
roof 1
cool 1
strange 10
haste 2
arisen 1
virginia 1
baggy 1
gather 1
manhattanville 1
mistakes 1
scrivener 17
following 2
not-unpleasing 1
style 1
proverbially 2
position 3
reader 2
hand 11
materials 1
stunned 1
delighted 1
narrated 1
said-``is 1
friends 3
sent 4
bore 2
find 5
producing 1
short 10
underneath 1
inspirited 1
recalled 1
a 334
before-would 1
do-i 1
incautiously 1
gorge 1
comprehended 1
screened 1
even 8
check 1
stairs 5
here-take 1
compliment 1
brass 1
horrible 1
wrought 1
gentlemanly 4
occupying 3
making 6
steadfastly 2
attaches 1
open 7
inveteracy 1
driven 1
assumed 5
unhoping 1
waistbands 1
conveyancer 1
cadaverous 2
guards 1
sedate 1
respective 1
awakes 1
killed 2
resentment 2
precipitately 1
adjustment 1
forger 1
circumstances 5
coming 3
inhumane 1
distress 1
faults 1
valuing 1
astor's 1
the 603
outside 1
respects 1
possessing 1
preceding 1
yours.-will 1
rude 1
perfect 2
sir;-spacious 1
beauties 1
useful 4
unhallowed 1
response 1
am 25
do-namely 1
insensible 1
on 58
introduce 1
reserve 1
hesitation 1
tea-time 1
witnesses 1
relatives 1
daily 2
aghast 1
persecution 1
imprisoned 1
it?-of 1
relate 1
snug 2
inspection 1
continually 3
final 4
court 1
note 2
demanded 2
closed 5
grass-platted 1
hereafter 1
considering 1
resistance 1
arrangement 3
cadaverously 1
hours 3
else 5
proved 1
beams 1
polite 2
harmed 1
very 29
biography 1
valuable 2
surmises 1
pensive 1
turn 4
agreeable 2
charge 3
occupant 1
conclude 1
chair 6
helped 1
peace 2
purchase 1
efficacy 1
exceeding 1
nor 2
we 7
bricks 1
accuracy 2
coolest 1
insolent 2
rid 8
starting 1
injunction 1
heighten 1
for 108
b 1
dull 3
twenty-four 1
oriental 1
above 3
quietude 1
commit 1
loudly 1
landing 1
really 1
prudential 1
table 10
commanded 2
weighed 1
headed 1
house 3
pay 3
bear 2
engage 1
addresses 1
legs 1
management 1
suggested 1
cart 1
man's 2
walked 3
flames 1
months 1
narrator's 1
mutually 1
special 2
spicy 2
sitting 3
abrogation 1
biographies 1
button 1
actor 1
affected 1
furniture 1
joined 1
passiveness 1
own 23
row 1
in 265
care-free 1
lies-sleeping 1
building 5
obstacle 1
done 10
gone 5
vegetarian 1
alone 7
abiding 1
oaf 1
noisy 1
gently 5
horses 1
unusual 2
stationary 2
reflected 2
apart 1
sanguine 1
right-hand 1
clerks 6
heartless 1
mouth 4
rub 1
title 1
point 5
