spirit 1
ere 1
between 1
met 1
motley 1
sufficient 1
motto 1
repeated 1
low 3
leave 1
many 2
descending 1
season 1
breast 1
nothing 4
implore 1
pipe 3
air 1
best 1
light 2
myself 2
its 8
surpassed 1
responsible 1
seconds 1
insult 1
descended 1
search 1
turned 2
hangs 1
walls 4
regards 1
decision 1
vault 1
hearken 1
astounded 1
new 1
side 1
feeble 2
asked 1
crypt 4
against 1
stood 2
winding 1
surprise 1
serpent 1
finding 1
caution 1
chain 2
sad 1
love 2
respected 2
fancy 1
task 1
made 2
throat 1
poe 1
thought 2
carnival 2
warm 1
positively 1
interior 2
it 38
clamourer 1
buried 1
answer 2
deep 1
pleased 1
range 1
understand 1
materially;-i 1
suffered 1
drinking 1
immediate 1
medoc 3
aside 1
what 1
gave 1
lady 1
surmounted 1
yet 2
screams 1
mere 1
earth 1
disappearance 1
uncovered 1
continued 2
arms 1
sat 1
work 1
engaged 1
my 34
remote 1
black 1
heart 1
ignoramus 1
called 2
vigorously 1
have 14
encountered 1
losing 1
warmth 1
virtuoso 1
pace 1
proceed 2
impune 1
bursting 1
dear 1
bells 5
lay 2
finished 2
immolation 1
who 3
recesses 1
glow 1
allan 1
some 2
would 1
ejaculated 1
afflicted 1
cloak 1
destined 1
tenth 1
ground 1
giving 1
mortal 1
suddenly 1
seventh 1
bold 1
lasted 1
intoxication 2
orders 2
close 1
told 1
had 21
more 3
bargain 1
should 3
beneath 2
chained 1
hairs 1
succeeded 1
by 7
fails 1
let 8
precious 1
fifth 1
was 28
nevertheless 1
interval 1
grave 1
sparkled 1
began 2
constructed 1
first 3
interrupted 1
engagement;-come 1
ornamented 1
orbs 1
noise 1
lips 1
elbow 1
movement-a 1
immediately 1
azure 1
rock 1
drawing 2
absconded 1
painting 1
enthusiasm 1
closely 1
all 3
weight 1
obstinate 1
cause 1
most 2
how 4
herein 1
are 14
palazzo-the 1
life 1
four 1
figure 1
thrown 1
parti-striped 1
vibration 1
home 1
tell 2
enough 2
come 3
see 3
still 4
farther 1
retribution 1
poor 1
us 10
inmost 1
go 6
flacon 1
padlock 1
brief 1
yes 6
last 4
him-``my 1
suites 1
reassured 1
sign 2
formed 1
ha 2
length 3
too 2
but 16
eighth 1
moaning 1
replacing 1
respect 1
loud 1
god 2
about 7
interruption 1
weak 1
puncheons 1
feet 2
he!-over 1
strength 1
masonry 2
doubts 3
without 2
make 3
largely 1
gleams 1
excessive 1
cough 4
recoiling 1
vintages 1
british 1
cautious 1
neck 1
cannot 4
palazzo-he 1
emptied 1
clamoured 1
looked 2
white 1
plastered 2
intention 1
moisture 1
increases 1
took 2
jingled 3
re-erected 1
be 13
labour 1
until 1
laughed 1
fearful 1
answered 1
catacombs 6
wringing 1
lacessit 1
tool 1
cap 2
passes 1
laugh 2
opportunity 1
definitiveness 1
bottle 2
few 4
before 1
getting 1
hearkened 1
mask 1
no 11
arm 4
friend 7
below 1
moment 2
middle 1
width 1
size 1
die 1
vowed 1
suppose 1
aided 1
bewildered 1
off 2
horizontally 1
mould 1
skilful 1
rapier 1
might 1
these 7
resumed 1
silence 1
de 1
trickle 1
laid 2
perceived 1
defend 1
unsteadily 1
himself 3
remains 1
italians 1
an 6
your 8
indeed 2
fabric 1
clanking 1
has 3
must 4
wine-he 1
suit 1
scarcely 1
know 1
critical 1
engagement 2
busied 1
knocked 1
arrested 1
mason-work 1
passed 4
could 2
aperture 1
now 4
practice 1
there 7
stir 1
furious 1
rather 1
holding 1
or 2
form 1
health 1
subsided 1
avenger 1
niche 3
millionaires 1
with 19
masons 1
whither 1
quack 1
at 15
dusk 1
instant 2
conical 1
connoisseurship 1
cry 2
portion 1
do 1
forming 1
amontillado 17
long 6
cask 1
casks 1
fourth 2
flashed 1
sick 1
grew 4
partially 1
unsteady 1
came 3
rich 2
remarkably 1
time 3
remaining 1
fools 1
minutes 2
drink 2
he 45
vain 2
voice 2
felt 2
moss 1
recess 5
heard 1
towards 1
astonishment 1
words 2
gesticulation 1
around 1
level 1
price 1
satisfaction 1
overtakes 1
received 1
difficulty 1
replied 8
itself 1
neither 1
person 1
ugh!-ugh 4
proper 1
thrust 2
proceeded 1
three 2
gait 1
rheum 1
each 1
waist 1
circumscribing 1
jest 2
morning 1
encrusted 1
injuries 1
vaults 5
fitted 1
leaned 1
exposed 1
deed 1
shall 1
beloved 1
such 1
fortunato-although 1
upwards 1
extensive 1
observe 1
fortunato 13
forward 1
arches 1
unsheathing 1
knew 1
d'or 1
drunken 1
impatient 1
seemed 2
half 1
less 1
remained 1
taste 1
excellent 1
attendants 1
use 2
colossal 1
impose 1
accosted 1
six 1
them 6
matter 3
discovered 1
satisfied 1
fettered 1
rooms 1
rout 1
and 62
rampant 1
possessed 1
intermingling 1
differ 1
another 2
measure 1
wore 1
heavily 1
hastened 1
here 1
countrymen 1
not 21
of 75
distilled 1
rampart 1
huge 1
any 1
bought 1
much 2
sherry 2
river's 1
found 2
understood 1
led 1
requesting 1
solid 2
adopted 1
completed 1
imposed 1
raised 1
labours 1
presenting 1
once 2
full 1
severe 1
leer 1
alarming 1
power 1
when 5
austrian 1
together 1
wines 1
reached 2
nodded 1
shrill 1
however 1
which 8
placed 2
man 4
again 6
nemo 1
bowed 1
montresors 2
luckily 1
speaking 1
old 2
luchresi 6
head 2
manner 1
from 18
unredressed 2
happy 1
paused 3
doubt 1
cavern 1
merry 1
his 17
resist 1
silk 1
said 24
kill 1
iron 1
third 1
staples 1
violently 1
earliest 1
forth 1
second 1
i 109
him 12
putting 1
recovered 1
our 3
displacing 1
only 2
punish 2
attentions 1
imbedded 1
were 6
feeling 1
crushes 1
jingling 1
flambeaux 3
height 1
foot 3
damps 1
arrived 1
little 1
great 3
rest 1
repose 1
stepped 2
he!-a 1
enable 1
foulness 1
granite 2
among 2
awaiting 1
gemmary 1
wrong 2
ha!-he 1
lined 1
comprehend 1
fall 1
so 4
me 11
pry 1
smile 2
spoken 1
silly 1
quantity 1
is 20
madness 1
sconces 1
strode 1
sixth 1
grope 1
hesitated 1
settled-but 1
looking 1
heel 1
well 3
back 6
nature 2
overhead 1
wine 3
given 2
while 2
risk 1
that 18
indication 1
staircase 1
definitively 1
entrance 1
threat 1
reply 2
this 9
uplifting 1
feared 1
through 4
they 3
merely 2
appeared 1
trowel 3
depth 3
as 14
insure 1
indeed-an 1
aid 1
brotherhood 1
hurry 1
late 2
than 1
italian 1
will 14
fangs 1
disturbed 1
to 49
followed 2
did 5
distinguish 1
then 4
termination 1
exclaimed 1
been 5
one 8
fashion 1
fellows 1
sides 1
part 1
idea 1
ill 1
impunity 1
other 3
besides 1
piled 2
field 1
reechoed 1
breath 1
fierce 1
supports 1
wall 5
redresser 1
avenged 1
true 2
good 4
prided 1
reapproached 1
family 1
equally 1
face 1
roquelaire 2
thus 2
aloud 1
midnight 1
spacious 1
rays 1
missed 1
folds 1
never 1
over 2
if 1
dampness 1
seven 1
forced 1
skeletons 1
key 1
like 2
bed 1
word 1
noble 1
mortar 1
caused 1
their 4
seize 1
forget 1
impossible 3
flame 1
down 3
drops 1
familiarly 1
pass 1
yells 1
numerous 1
worn 1
backed 1
satisfy 1
requiescat 1
soul 1
volume 1
trembled 1
perceive 3
match 1
during 2
human 2
palazzo 1
end 2
way 1
endeavoured 1
drew 1
stone 3
revenge 1
withdrawing 1
promiscuously 1
throwing 2
draught 2
insufferably 1
stupidly 1
mound 1
to-day 1
return 3
nearly 1
thousand 1
recognizing 1
progress 1
erected 1
offering 1
soon 2
ventured 1
heels 1
resolved 1
mason 2
single 1
succession 1
ceased 1
help 1
up 2
unneccessarily-but 1
explicit 1
point-this 1
secure 1
depended 1
utterance 1
true-true 1
within 4
several 2
paces 1
pile 1
joke 1
imposture 1
paris 1
eyes 3
upon 16
out 1
evening 1
you 25
two 5
supreme 1
ugh 7
sincere 1
honour 1
he!-yes 1
surface 1
whenever 1
whose 1
into 5
threw 2
he!-he 1
cold 2
roof 1
especial 1
grotesque 1
position 2
hand 3
materials 1
eleventh 1
precluded 1
producing 1
century 1
distant 1
short 1
a 62
archway 1
even 1
admired 1
extremity 1
montresor 1
wont 1
torch 2
ninth 1
the 168
am 1
on 6
tier 4
render 1
broke 1
very 3
turn 1
bones 6
nor 1
we 11
consulting 1
for 15
dull 1
struggled 1
descent 1
above 1
damp 3
links 1
edgar 1
house 1
pay 1
borne 1
web-work 1
own 2
row 1
in 34
building 1
done 2
tight-fitting 1
gone 2
filmy 1
nitre 5
dress 1
point 2
